17:02:20.636 [Worker-149] INFO  o.a.AndroidAnnotationProcessor:83 - Initialize AndroidAnnotations 3.3.2 with options {phase=BUILD}
17:02:20.637 [Worker-149] INFO  o.a.AndroidAnnotationProcessor:107 - Start processing for 4 annotations on 115 elements
17:02:20.640 [Worker-149] DEBUG o.a.h.AndroidManifestFinder:137 - AndroidManifest.xml file found in parent folder F:\githubS\android_all\All: F:\githubS\android_all\All\AndroidManifest.xml
17:02:20.641 [Worker-149] INFO  o.a.AndroidAnnotationProcessor:170 - AndroidManifest.xml found: AndroidManifest [applicationPackage=mars.all, componentQualifiedNames=[mars.all.MainActivity, mars.all.activity.NiftyDialogEffectsActivity, mars.all.activity.StaggeredGridViewChildOne, mars.all.activity.StaggeredGridViewChildTwo, mars.all.activity.at_staggeredgrid.ZoomImageActivity, mars.all.activity.at_staggeredgrid.AnimationsActivity, mars.all.activity.at_staggeredgrid.GestureDetectorActivity, mars.all.activity.at_staggeredgrid.MatrixActivity, mars.all.activity.at_staggeredgrid.viewpager.MyviewPagerActivity, mars.all.activity.at_staggeredgrid.viewpager.MyviewPagerActivity01, mars.all.activity.at_staggeredgrid.viewpager.DifferentViewPagerActivity, mars.all.activity.mediaplay.MediaActivity, mars.all.activity.activitysource.StartOtherActivity, mars.all.activity.HoveringScroll.HoveringScrollSampleActivity, mars.all.activity.two.flinggallery.FlingGalleryActivity, mars.all.activity.two.xiaomi.XiaomiClockActivity, mars.all.activity.at_staggeredgrid.lockscrren.QQLockScreenActivity, mars.all.activity.two.eventBus.EventFirstActivity, mars.all.activity.two.eventBus.EventSecondActivity, mars.all.activity.two.androidannotations.AndroidAnnotationsTest_, mars.all.activity.two.viewgroup.FourSignViewGroupActivity, mars.all.activity.two.tree.TreeActivity, mars.all.activity.two.asytree.AsyTreeActivity, mars.all.activity.two.addview.AddViewActivity, mars.all.activity.two.circlemenu.CircleMenuActivity, mars.all.activity.textclock.appwidgetprovider.TextClockServer, mars.all.activity.textclock.appwidgetprovider.TextClockAppWidget], permissionQualifiedNames=[android.permission.VIBRATE, android.permission.ACCESS_NETWORK_STATE, android.permission.INTERNET, android.permission.READ_PHONE_STATE, android.permission.ACCESS_FINE_LOCATION, android.permission.ACCESS_COARSE_LOCATION, android.permission.WRITE_EXTERNAL_STORAGE, android.permission.CALL_PHONE], applicationClassName=null, libraryProject=false, debugabble=false, minSdkVersion=11, maxSdkVersion=-1, targetSdkVersion=18]
17:02:20.642 [Worker-149] INFO  o.a.r.ProjectRClassFinder:50 - Found project R class: mars.all.R
17:02:20.643 [Worker-149] INFO  o.a.r.AndroidRClassFinder:44 - Found Android class: android.R
17:02:20.647 [Worker-149] INFO  o.a.p.ModelValidator:42 - Validating elements
17:02:20.647 [Worker-149] DEBUG o.a.p.ModelValidator:62 - Validating with EActivityHandler: [mars.all.activity.two.androidasync.AndroidAsyncActivity, mars.all.activity.two.androidannotations.AndroidAnnotationsTest]
17:02:20.648 [Worker-149] WARN  o.a.h.AnnotationHelper:128 - The component AndroidAsyncActivity_ is not registered in the AndroidManifest.xml file.
17:02:20.648 [Worker-149] DEBUG o.a.p.ModelValidator:62 - Validating with ViewByIdHandler: [abcEt]
17:02:20.649 [Worker-149] DEBUG o.a.p.ModelValidator:62 - Validating with ClickHandler: [void myBtnclick() ]
17:02:20.649 [Worker-149] DEBUG o.a.p.ModelValidator:62 - Validating with AfterViewsHandler: [void afterview() ]
17:02:20.650 [Worker-149] INFO  o.a.p.ModelProcessor:74 - Processing root elements
17:02:20.650 [Worker-149] DEBUG o.a.p.ModelProcessor:176 - Processing root elements EActivityHandler: [mars.all.activity.two.androidasync.AndroidAsyncActivity, mars.all.activity.two.androidannotations.AndroidAnnotationsTest]
17:02:20.657 [Worker-149] INFO  o.a.p.ModelProcessor:86 - Processing enclosed elements
17:02:20.657 [Worker-149] INFO  o.a.AndroidAnnotationProcessor:249 - Number of files generated by AndroidAnnotations: 2
17:02:20.658 [Worker-149] INFO  o.a.g.ApiCodeGenerator:52 - Writting following API classes in project: []
17:02:20.658 [Worker-149] DEBUG o.a.g.SourceCodewriter:55 - Generating class: mars.all.activity.two.androidannotations.AndroidAnnotationsTest_
17:02:20.662 [Worker-149] DEBUG o.a.g.SourceCodewriter:55 - Generating class: mars.all.activity.two.androidasync.AndroidAsyncActivity_
17:02:20.665 [Worker-149] INFO  o.a.p.TimeStats:81 - Time measurements: [Whole Processing = 28 ms], [Process Annotations = 8 ms], [Generate Sources = 8 ms], [Find R Classes = 5 ms], [Extract Manifest = 2 ms], [Validate Annotations = 2 ms], [Extract Annotations = 1 ms], 
17:02:20.665 [Worker-149] INFO  o.a.AndroidAnnotationProcessor:121 - Finish processing
17:04:02.214 [Worker-148] INFO  o.a.AndroidAnnotationProcessor:83 - Initialize AndroidAnnotations 3.3.2 with options {phase=BUILD}
17:04:11.223 [Worker-153] INFO  o.a.AndroidAnnotationProcessor:83 - Initialize AndroidAnnotations 3.3.2 with options {phase=BUILD}
17:04:18.980 [Worker-148] INFO  o.a.AndroidAnnotationProcessor:83 - Initialize AndroidAnnotations 3.3.2 with options {phase=BUILD}
17:05:01.113 [Worker-145] INFO  o.a.AndroidAnnotationProcessor:83 - Initialize AndroidAnnotations 3.3.2 with options {phase=BUILD}
17:06:06.933 [Worker-154] INFO  o.a.AndroidAnnotationProcessor:83 - Initialize AndroidAnnotations 3.3.2 with options {phase=BUILD}
17:07:04.17 [Worker-145] INFO  o.a.AndroidAnnotationProcessor:83 - Initialize AndroidAnnotations 3.3.2 with options {phase=BUILD}
17:20:29.226 [Worker-161] INFO  o.a.AndroidAnnotationProcessor:83 - Initialize AndroidAnnotations 3.3.2 with options {phase=BUILD}
17:21:32.893 [Worker-161] INFO  o.a.AndroidAnnotationProcessor:83 - Initialize AndroidAnnotations 3.3.2 with options {phase=BUILD}
17:21:47.175 [Worker-162] INFO  o.a.AndroidAnnotationProcessor:83 - Initialize AndroidAnnotations 3.3.2 with options {phase=BUILD}
17:22:24.388 [Worker-158] INFO  o.a.AndroidAnnotationProcessor:83 - Initialize AndroidAnnotations 3.3.2 with options {phase=BUILD}
17:22:26.982 [Worker-158] INFO  o.a.AndroidAnnotationProcessor:83 - Initialize AndroidAnnotations 3.3.2 with options {phase=BUILD}
17:27:33.880 [Worker-161] INFO  o.a.AndroidAnnotationProcessor:83 - Initialize AndroidAnnotations 3.3.2 with options {phase=BUILD}
17:29:46.288 [Worker-163] INFO  o.a.AndroidAnnotationProcessor:83 - Initialize AndroidAnnotations 3.3.2 with options {phase=BUILD}
17:31:26.835 [Worker-162] INFO  o.a.AndroidAnnotationProcessor:83 - Initialize AndroidAnnotations 3.3.2 with options {phase=BUILD}
17:32:45.314 [Worker-166] INFO  o.a.AndroidAnnotationProcessor:83 - Initialize AndroidAnnotations 3.3.2 with options {phase=BUILD}
17:32:56.262 [Worker-164] INFO  o.a.AndroidAnnotationProcessor:83 - Initialize AndroidAnnotations 3.3.2 with options {phase=BUILD}
17:33:21.17 [Worker-164] INFO  o.a.AndroidAnnotationProcessor:83 - Initialize AndroidAnnotations 3.3.2 with options {phase=BUILD}
17:43:32.389 [Worker-166] INFO  o.a.AndroidAnnotationProcessor:83 - Initialize AndroidAnnotations 3.3.2 with options {phase=BUILD}
17:44:13.440 [Worker-172] INFO  o.a.AndroidAnnotationProcessor:83 - Initialize AndroidAnnotations 3.3.2 with options {phase=BUILD}
17:47:41.539 [Worker-166] INFO  o.a.AndroidAnnotationProcessor:83 - Initialize AndroidAnnotations 3.3.2 with options {phase=BUILD}
17:49:35.79 [Worker-175] INFO  o.a.AndroidAnnotationProcessor:83 - Initialize AndroidAnnotations 3.3.2 with options {phase=BUILD}
17:49:43.860 [Worker-175] INFO  o.a.AndroidAnnotationProcessor:83 - Initialize AndroidAnnotations 3.3.2 with options {phase=BUILD}
17:49:50.194 [Worker-176] INFO  o.a.AndroidAnnotationProcessor:83 - Initialize AndroidAnnotations 3.3.2 with options {phase=BUILD}
17:51:16.517 [Worker-166] INFO  o.a.AndroidAnnotationProcessor:83 - Initialize AndroidAnnotations 3.3.2 with options {phase=BUILD}
17:51:17.650 [Worker-177] INFO  o.a.AndroidAnnotationProcessor:83 - Initialize AndroidAnnotations 3.3.2 with options {phase=BUILD}
17:56:35.333 [Worker-173] INFO  o.a.AndroidAnnotationProcessor:83 - Initialize AndroidAnnotations 3.3.2 with options {phase=BUILD}
17:56:42.481 [Worker-182] INFO  o.a.AndroidAnnotationProcessor:83 - Initialize AndroidAnnotations 3.3.2 with options {phase=BUILD}
18:02:26.780 [Worker-186] INFO  o.a.AndroidAnnotationProcessor:83 - Initialize AndroidAnnotations 3.3.2 with options {phase=BUILD}
18:02:30.802 [Worker-187] INFO  o.a.AndroidAnnotationProcessor:83 - Initialize AndroidAnnotations 3.3.2 with options {phase=BUILD}
18:03:30.372 [Worker-185] INFO  o.a.AndroidAnnotationProcessor:83 - Initialize AndroidAnnotations 3.3.2 with options {phase=BUILD}
18:05:06.442 [Worker-188] INFO  o.a.AndroidAnnotationProcessor:83 - Initialize AndroidAnnotations 3.3.2 with options {phase=BUILD}
18:06:56.918 [Worker-190] INFO  o.a.AndroidAnnotationProcessor:83 - Initialize AndroidAnnotations 3.3.2 with options {phase=BUILD}
18:07:12.617 [Worker-192] INFO  o.a.AndroidAnnotationProcessor:83 - Initialize AndroidAnnotations 3.3.2 with options {phase=BUILD}
18:07:20.108 [Worker-188] INFO  o.a.AndroidAnnotationProcessor:83 - Initialize AndroidAnnotations 3.3.2 with options {phase=BUILD}
18:07:32.209 [Worker-191] INFO  o.a.AndroidAnnotationProcessor:83 - Initialize AndroidAnnotations 3.3.2 with options {phase=BUILD}
18:07:46.297 [Worker-191] INFO  o.a.AndroidAnnotationProcessor:83 - Initialize AndroidAnnotations 3.3.2 with options {phase=BUILD}
18:07:50.139 [Worker-192] INFO  o.a.AndroidAnnotationProcessor:83 - Initialize AndroidAnnotations 3.3.2 with options {phase=BUILD}
18:08:13.615 [Worker-193] INFO  o.a.AndroidAnnotationProcessor:83 - Initialize AndroidAnnotations 3.3.2 with options {phase=BUILD}
18:08:39.443 [Worker-193] INFO  o.a.AndroidAnnotationProcessor:83 - Initialize AndroidAnnotations 3.3.2 with options {phase=BUILD}
18:09:30.646 [Worker-188] INFO  o.a.AndroidAnnotationProcessor:83 - Initialize AndroidAnnotations 3.3.2 with options {phase=BUILD}
18:10:00.835 [Worker-193] INFO  o.a.AndroidAnnotationProcessor:83 - Initialize AndroidAnnotations 3.3.2 with options {phase=BUILD}
18:11:30.523 [Worker-188] INFO  o.a.AndroidAnnotationProcessor:83 - Initialize AndroidAnnotations 3.3.2 with options {phase=BUILD}
18:11:37.242 [Worker-188] INFO  o.a.AndroidAnnotationProcessor:83 - Initialize AndroidAnnotations 3.3.2 with options {phase=BUILD}
18:13:00.462 [Worker-195] INFO  o.a.AndroidAnnotationProcessor:83 - Initialize AndroidAnnotations 3.3.2 with options {phase=BUILD}
18:16:12.438 [Worker-186] INFO  o.a.AndroidAnnotationProcessor:83 - Initialize AndroidAnnotations 3.3.2 with options {phase=BUILD}
18:16:13.674 [Worker-188] INFO  o.a.AndroidAnnotationProcessor:83 - Initialize AndroidAnnotations 3.3.2 with options {phase=BUILD}
18:30:30.1 [Worker-201] INFO  o.a.AndroidAnnotationProcessor:83 - Initialize AndroidAnnotations 3.3.2 with options {phase=BUILD}
18:30:45.854 [Worker-200] INFO  o.a.AndroidAnnotationProcessor:83 - Initialize AndroidAnnotations 3.3.2 with options {phase=BUILD}
18:31:08.218 [Worker-200] INFO  o.a.AndroidAnnotationProcessor:83 - Initialize AndroidAnnotations 3.3.2 with options {phase=BUILD}
18:34:47.695 [Worker-205] INFO  o.a.AndroidAnnotationProcessor:83 - Initialize AndroidAnnotations 3.3.2 with options {phase=BUILD}
18:35:57.339 [Worker-206] INFO  o.a.AndroidAnnotationProcessor:83 - Initialize AndroidAnnotations 3.3.2 with options {phase=BUILD}
18:36:33.909 [Worker-205] INFO  o.a.AndroidAnnotationProcessor:83 - Initialize AndroidAnnotations 3.3.2 with options {phase=BUILD}
18:36:37.520 [Worker-197] INFO  o.a.AndroidAnnotationProcessor:83 - Initialize AndroidAnnotations 3.3.2 with options {phase=BUILD}
18:37:22.213 [Worker-197] INFO  o.a.AndroidAnnotationProcessor:83 - Initialize AndroidAnnotations 3.3.2 with options {phase=BUILD}
18:37:26.775 [Worker-197] INFO  o.a.AndroidAnnotationProcessor:83 - Initialize AndroidAnnotations 3.3.2 with options {phase=BUILD}
18:43:01.694 [Worker-201] INFO  o.a.AndroidAnnotationProcessor:83 - Initialize AndroidAnnotations 3.3.2 with options {phase=BUILD}
18:43:13.994 [Worker-208] INFO  o.a.AndroidAnnotationProcessor:83 - Initialize AndroidAnnotations 3.3.2 with options {phase=BUILD}
09:22:43.480 [Worker-16] INFO  o.a.AndroidAnnotationProcessor:83 - Initialize AndroidAnnotations 3.3.2 with options {phase=BUILD}
11:29:18.40 [Worker-9] INFO  o.a.AndroidAnnotationProcessor:83 - Initialize AndroidAnnotations 3.3.2 with options {phase=BUILD}
16:32:35.174 [Worker-14] INFO  o.a.AndroidAnnotationProcessor:83 - Initialize AndroidAnnotations 3.3.2 with options {phase=BUILD}
18:21:09.57 [Worker-2] INFO  o.a.AndroidAnnotationProcessor:83 - Initialize AndroidAnnotations 3.3.2 with options {phase=BUILD}
09:26:02.418 [Worker-3] INFO  o.a.AndroidAnnotationProcessor:83 - Initialize AndroidAnnotations 3.3.2 with options {phase=BUILD}
